+---------------------------------------------------------------+
| Item configuration listing                                    |
+---------------------------------------------------------------+
| COMPANY = Molex
| DATE    = Friday, December 02, 2016 At 16:48
| VERSION = 4.1 Build 9
| CONFIGURATION NAME = D_TEST
| BOARD LOCATION = LAN TCP/IP
+---------------------------------------------------------------+

----------------------------------------------------------------
[000] Local IO-Device  ethio-pnio-dev
       ---------------------------------------------------------
       Input  =    2 byte(s)                      Offset  Size
       ---------------------------------------------------------
       Input Module                                  0      2
       ---------------------------------------------------------

       Output =    2 byte(s)                      Offset  Size
       ---------------------------------------------------------
       Output Module                                 0      2

----------------------------------------------------------------

=================================================================
Total Input         = 2  Byte(s)
Total Output        = 2  Byte(s)
=================================================================

  <Equipment 0 >
    TOPIC NAME     = TOPIC1-A
    REFRESH PERIOD = 200

    <ITEM NAME = O-DATA-1 >
      SYNTAX          = %QB1
      OFFSET / MODULE = 1
      DATA TYPE       = Output byte
      FORMAT          = Default
      DEADBAND        = 0
    <ITEM NAME = O-DATA-0 >
      SYNTAX          = %QB0
      OFFSET / MODULE = 0
      DATA TYPE       = Output byte
      FORMAT          = Default
      DEADBAND        = 0
    <ITEM NAME = I-DATA-1 >
      SYNTAX          = %IB1
      OFFSET / MODULE = 1
      DATA TYPE       = Input byte
      FORMAT          = Default
      DEADBAND        = 0
    <ITEM NAME = I-DATA-0 >
      SYNTAX          = %IB0
      OFFSET / MODULE = 0
      DATA TYPE       = Input byte
      FORMAT          = Default
      DEADBAND        = 0